2016-04-02 16:03:35,405 [INFO] from play.api.libs.concurrent.ActorSystemProvider in pool-4-thread-4 - Starting application default Akka system: application
2016-04-02 16:03:35,497 [INFO] from play.core.server.NettyServer in pool-4-thread-4 - Listening for HTTP on /0:0:0:0:0:0:0:0:9000
2016-04-02 16:03:47,925 [WARN] from application in ForkJoinPool-1-worker-1 - Logger configuration in conf files is deprecated and has no effect. Use a logback configuration file instead.
2016-04-02 16:03:48,995 [INFO] from play.api.libs.concurrent.ActorSystemProvider in ForkJoinPool-1-worker-1 - Starting application default Akka system: application
2016-04-02 16:03:49,046 [INFO] from play.api.Play in ForkJoinPool-1-worker-1 - Application started (Dev)
2016-04-02 16:03:49,156 [WARN] from application in application-akka.actor.default-dispatcher-7 - application.conf @ file:/home/carlos/git/web-app-si-v2/target/scala-2.11/classes/application.conf: 8: application.secret is deprecated, use play.crypto.secret instead
2016-04-02 16:06:03,118 [INFO] from play.api.libs.concurrent.ActorSystemProvider in application-akka.actor.default-dispatcher-4 - Shutdown application default Akka system: application
2016-04-02 16:06:03,214 [WARN] from application in application-akka.actor.default-dispatcher-4 - Logger configuration in conf files is deprecated and has no effect. Use a logback configuration file instead.
2016-04-02 16:06:03,333 [INFO] from play.api.libs.concurrent.ActorSystemProvider in application-akka.actor.default-dispatcher-4 - Starting application default Akka system: application
2016-04-02 16:06:03,353 [INFO] from play.api.Play in application-akka.actor.default-dispatcher-4 - Application started (Dev)
2016-04-02 16:06:03,370 [WARN] from application in application-akka.actor.default-dispatcher-4 - application.conf @ file:/home/carlos/git/web-app-si-v2/target/scala-2.11/classes/application.conf: 8: application.secret is deprecated, use play.crypto.secret instead
2016-04-02 16:06:36,823 [ERROR] from application in New I/O worker #6 - 

! @6pipj8jmn - Internal server error, for (GET) [/register] ->
 
play.sbt.PlayExceptions$CompilationException: Compilation error[error: unreachable statement]
	at play.sbt.PlayExceptions$CompilationException$.apply(PlayExceptions.scala:27) ~[na:na]
	at play.sbt.PlayExceptions$CompilationException$.apply(PlayExceptions.scala:27) ~[na:na]
	at scala.Option.map(Option.scala:145) ~[scala-library-2.11.7.jar:na]
	at play.sbt.run.PlayReload$$anonfun$taskFailureHandler$1.apply(PlayReload.scala:49) ~[na:na]
	at play.sbt.run.PlayReload$$anonfun$taskFailureHandler$1.apply(PlayReload.scala:44) ~[na:na]
	at scala.Option.map(Option.scala:145) ~[scala-library-2.11.7.jar:na]
	at play.sbt.run.PlayReload$.taskFailureHandler(PlayReload.scala:44) ~[na:na]
	at play.sbt.run.PlayReload$.compileFailure(PlayReload.scala:40) ~[na:na]
	at play.sbt.run.PlayReload$$anonfun$compile$1.apply(PlayReload.scala:17) ~[na:na]
	at play.sbt.run.PlayReload$$anonfun$compile$1.apply(PlayReload.scala:17) ~[na:na]
	at scala.util.Either$LeftProjection.map(Either.scala:377) ~[scala-library-2.11.7.jar:na]
	at play.sbt.run.PlayReload$.compile(PlayReload.scala:17) ~[na:na]
	at play.sbt.run.PlayRun$$anonfun$playRunTask$1$$anonfun$apply$2$$anonfun$apply$3$$anonfun$2.apply(PlayRun.scala:60) ~[na:na]
	at play.sbt.run.PlayRun$$anonfun$playRunTask$1$$anonfun$apply$2$$anonfun$apply$3$$anonfun$2.apply(PlayRun.scala:60) ~[na:na]
	at play.runsupport.Reloader.reload(Reloader.scala:305) ~[na:na]
	at play.core.server.DevServerStart$$anonfun$mainDev$1$$anon$1$$anonfun$get$1.apply(DevServerStart.scala:113) ~[play-server_2.11-2.4.2.jar:2.4.2]
	at play.core.server.DevServerStart$$anonfun$mainDev$1$$anon$1$$anonfun$get$1.apply(DevServerStart.scala:111) ~[play-server_2.11-2.4.2.jar:2.4.2]
	at scala.concurrent.impl.Future$PromiseCompletingRunnable.liftedTree1$1(Future.scala:24) ~[scala-library-2.11.7.jar:na]
	at scala.concurrent.impl.Future$PromiseCompletingRunnable.run(Future.scala:24) ~[scala-library-2.11.7.jar:na]
	at akka.dispatch.TaskInvocation.run(AbstractDispatcher.scala:40) ~[akka-actor_2.11-2.3.11.jar:na]
	at akka.dispatch.ForkJoinExecutorConfigurator$AkkaForkJoinTask.exec(AbstractDispatcher.scala:397) ~[akka-actor_2.11-2.3.11.jar:na]
	at scala.concurrent.forkjoin.ForkJoinTask.doExec(ForkJoinTask.java:260) ~[scala-library-2.11.7.jar:na]
	at scala.concurrent.forkjoin.ForkJoinPool$WorkQueue.runTask(ForkJoinPool.java:1339) ~[scala-library-2.11.7.jar:na]
	at scala.concurrent.forkjoin.ForkJoinPool.runWorker(ForkJoinPool.java:1979) ~[scala-library-2.11.7.jar:na]
	at scala.concurrent.forkjoin.ForkJoinWorkerThread.run(ForkJoinWorkerThread.java:107) ~[scala-library-2.11.7.jar:na]
2016-04-02 16:06:57,024 [INFO] from play.api.libs.concurrent.ActorSystemProvider in application-akka.actor.default-dispatcher-3 - Shutdown application default Akka system: application
2016-04-02 16:06:57,067 [WARN] from application in application-akka.actor.default-dispatcher-3 - Logger configuration in conf files is deprecated and has no effect. Use a logback configuration file instead.
2016-04-02 16:06:57,182 [INFO] from play.api.libs.concurrent.ActorSystemProvider in application-akka.actor.default-dispatcher-3 - Starting application default Akka system: application
2016-04-02 16:06:57,202 [INFO] from play.api.Play in application-akka.actor.default-dispatcher-3 - Application started (Dev)
2016-04-02 16:06:57,213 [WARN] from application in application-akka.actor.default-dispatcher-3 - application.conf @ file:/home/carlos/git/web-app-si-v2/target/scala-2.11/classes/application.conf: 8: application.secret is deprecated, use play.crypto.secret instead
2016-04-02 16:11:33,362 [ERROR] from application in New I/O worker #3 - 

! @6pipjpge9 - Internal server error, for (POST) [/register] ->
 
play.sbt.PlayExceptions$CompilationException: Compilation error[error: missing return statement]
	at play.sbt.PlayExceptions$CompilationException$.apply(PlayExceptions.scala:27) ~[na:na]
	at play.sbt.PlayExceptions$CompilationException$.apply(PlayExceptions.scala:27) ~[na:na]
	at scala.Option.map(Option.scala:145) ~[scala-library-2.11.7.jar:na]
	at play.sbt.run.PlayReload$$anonfun$taskFailureHandler$1.apply(PlayReload.scala:49) ~[na:na]
	at play.sbt.run.PlayReload$$anonfun$taskFailureHandler$1.apply(PlayReload.scala:44) ~[na:na]
	at scala.Option.map(Option.scala:145) ~[scala-library-2.11.7.jar:na]
	at play.sbt.run.PlayReload$.taskFailureHandler(PlayReload.scala:44) ~[na:na]
	at play.sbt.run.PlayReload$.compileFailure(PlayReload.scala:40) ~[na:na]
	at play.sbt.run.PlayReload$$anonfun$compile$1.apply(PlayReload.scala:17) ~[na:na]
	at play.sbt.run.PlayReload$$anonfun$compile$1.apply(PlayReload.scala:17) ~[na:na]
	at scala.util.Either$LeftProjection.map(Either.scala:377) ~[scala-library-2.11.7.jar:na]
	at play.sbt.run.PlayReload$.compile(PlayReload.scala:17) ~[na:na]
	at play.sbt.run.PlayRun$$anonfun$playRunTask$1$$anonfun$apply$2$$anonfun$apply$3$$anonfun$2.apply(PlayRun.scala:60) ~[na:na]
	at play.sbt.run.PlayRun$$anonfun$playRunTask$1$$anonfun$apply$2$$anonfun$apply$3$$anonfun$2.apply(PlayRun.scala:60) ~[na:na]
	at play.runsupport.Reloader.reload(Reloader.scala:305) ~[na:na]
	at play.core.server.DevServerStart$$anonfun$mainDev$1$$anon$1$$anonfun$get$1.apply(DevServerStart.scala:113) ~[play-server_2.11-2.4.2.jar:2.4.2]
	at play.core.server.DevServerStart$$anonfun$mainDev$1$$anon$1$$anonfun$get$1.apply(DevServerStart.scala:111) ~[play-server_2.11-2.4.2.jar:2.4.2]
	at scala.concurrent.impl.Future$PromiseCompletingRunnable.liftedTree1$1(Future.scala:24) ~[scala-library-2.11.7.jar:na]
	at scala.concurrent.impl.Future$PromiseCompletingRunnable.run(Future.scala:24) ~[scala-library-2.11.7.jar:na]
	at akka.dispatch.TaskInvocation.run(AbstractDispatcher.scala:40) ~[akka-actor_2.11-2.3.11.jar:na]
	at akka.dispatch.ForkJoinExecutorConfigurator$AkkaForkJoinTask.exec(AbstractDispatcher.scala:397) ~[akka-actor_2.11-2.3.11.jar:na]
	at scala.concurrent.forkjoin.ForkJoinTask.doExec(ForkJoinTask.java:260) ~[scala-library-2.11.7.jar:na]
	at scala.concurrent.forkjoin.ForkJoinPool$WorkQueue.runTask(ForkJoinPool.java:1339) ~[scala-library-2.11.7.jar:na]
	at scala.concurrent.forkjoin.ForkJoinPool.runWorker(ForkJoinPool.java:1979) ~[scala-library-2.11.7.jar:na]
	at scala.concurrent.forkjoin.ForkJoinWorkerThread.run(ForkJoinWorkerThread.java:107) ~[scala-library-2.11.7.jar:na]
2016-04-02 16:13:21,396 [INFO] from play.api.libs.concurrent.ActorSystemProvider in application-akka.actor.default-dispatcher-5 - Shutdown application default Akka system: application
2016-04-02 16:13:21,449 [WARN] from application in application-akka.actor.default-dispatcher-5 - Logger configuration in conf files is deprecated and has no effect. Use a logback configuration file instead.
2016-04-02 16:13:21,550 [INFO] from play.api.libs.concurrent.ActorSystemProvider in application-akka.actor.default-dispatcher-5 - Starting application default Akka system: application
2016-04-02 16:13:21,564 [INFO] from play.api.Play in application-akka.actor.default-dispatcher-5 - Application started (Dev)
2016-04-02 16:13:21,579 [WARN] from application in application-akka.actor.default-dispatcher-2 - application.conf @ file:/home/carlos/git/web-app-si-v2/target/scala-2.11/classes/application.conf: 8: application.secret is deprecated, use play.crypto.secret instead
2016-04-02 16:14:36,872 [INFO] from play.api.libs.concurrent.ActorSystemProvider in application-akka.actor.default-dispatcher-12 - Shutdown application default Akka system: application
2016-04-02 16:14:36,911 [WARN] from application in application-akka.actor.default-dispatcher-12 - Logger configuration in conf files is deprecated and has no effect. Use a logback configuration file instead.
2016-04-02 16:14:37,025 [INFO] from play.api.libs.concurrent.ActorSystemProvider in application-akka.actor.default-dispatcher-12 - Starting application default Akka system: application
2016-04-02 16:14:37,038 [INFO] from play.api.Play in application-akka.actor.default-dispatcher-12 - Application started (Dev)
2016-04-02 16:14:37,050 [WARN] from application in application-akka.actor.default-dispatcher-3 - application.conf @ file:/home/carlos/git/web-app-si-v2/target/scala-2.11/classes/application.conf: 8: application.secret is deprecated, use play.crypto.secret instead
2016-04-02 16:15:31,523 [INFO] from play.api.libs.concurrent.ActorSystemProvider in application-akka.actor.default-dispatcher-6 - Shutdown application default Akka system: application
2016-04-02 16:15:31,584 [WARN] from application in application-akka.actor.default-dispatcher-6 - Logger configuration in conf files is deprecated and has no effect. Use a logback configuration file instead.
2016-04-02 16:15:31,723 [INFO] from play.api.libs.concurrent.ActorSystemProvider in application-akka.actor.default-dispatcher-6 - Starting application default Akka system: application
2016-04-02 16:15:31,758 [INFO] from play.api.Play in application-akka.actor.default-dispatcher-6 - Application started (Dev)
2016-04-02 16:15:31,774 [WARN] from application in application-akka.actor.default-dispatcher-6 - application.conf @ file:/home/carlos/git/web-app-si-v2/target/scala-2.11/classes/application.conf: 8: application.secret is deprecated, use play.crypto.secret instead
2016-04-02 16:17:14,287 [INFO] from play.api.libs.concurrent.ActorSystemProvider in application-akka.actor.default-dispatcher-4 - Shutdown application default Akka system: application
2016-04-02 16:17:14,333 [WARN] from application in application-akka.actor.default-dispatcher-4 - Logger configuration in conf files is deprecated and has no effect. Use a logback configuration file instead.
2016-04-02 16:17:14,445 [INFO] from play.api.libs.concurrent.ActorSystemProvider in application-akka.actor.default-dispatcher-4 - Starting application default Akka system: application
2016-04-02 16:17:14,464 [INFO] from play.api.Play in application-akka.actor.default-dispatcher-4 - Application started (Dev)
2016-04-02 16:17:14,479 [WARN] from application in application-akka.actor.default-dispatcher-4 - application.conf @ file:/home/carlos/git/web-app-si-v2/target/scala-2.11/classes/application.conf: 8: application.secret is deprecated, use play.crypto.secret instead
2016-04-02 16:17:54,537 [INFO] from play.api.libs.concurrent.ActorSystemProvider in application-akka.actor.default-dispatcher-6 - Shutdown application default Akka system: application
2016-04-02 16:17:54,576 [WARN] from application in application-akka.actor.default-dispatcher-6 - Logger configuration in conf files is deprecated and has no effect. Use a logback configuration file instead.
2016-04-02 16:17:54,657 [INFO] from play.api.libs.concurrent.ActorSystemProvider in application-akka.actor.default-dispatcher-6 - Starting application default Akka system: application
2016-04-02 16:17:54,670 [INFO] from play.api.Play in application-akka.actor.default-dispatcher-6 - Application started (Dev)
2016-04-02 16:17:54,687 [WARN] from application in application-akka.actor.default-dispatcher-6 - application.conf @ file:/home/carlos/git/web-app-si-v2/target/scala-2.11/classes/application.conf: 8: application.secret is deprecated, use play.crypto.secret instead
2016-04-02 16:18:59,059 [INFO] from play.api.libs.concurrent.ActorSystemProvider in application-akka.actor.default-dispatcher-4 - Shutdown application default Akka system: application
2016-04-02 16:18:59,110 [WARN] from application in application-akka.actor.default-dispatcher-4 - Logger configuration in conf files is deprecated and has no effect. Use a logback configuration file instead.
2016-04-02 16:18:59,193 [INFO] from play.api.libs.concurrent.ActorSystemProvider in application-akka.actor.default-dispatcher-4 - Starting application default Akka system: application
2016-04-02 16:18:59,211 [INFO] from play.api.Play in application-akka.actor.default-dispatcher-4 - Application started (Dev)
2016-04-02 16:18:59,226 [WARN] from application in application-akka.actor.default-dispatcher-5 - application.conf @ file:/home/carlos/git/web-app-si-v2/target/scala-2.11/classes/application.conf: 8: application.secret is deprecated, use play.crypto.secret instead
